 * Serving Flask app "server" (lazy loading)
 * Environment: production
   WARNING: This is a development server. Do not use it in a production deployment.
   Use a production WSGI server instead.
 * Debug mode: on
 * Running on http://0.0.0.0:13800/ (Press CTRL+C to quit)
 * Restarting with stat
 * Serving Flask app "server" (lazy loading)
 * Environment: production
   WARNING: This is a development server. Do not use it in a production deployment.
   Use a production WSGI server instead.
 * Debug mode: on
 * Running on http://0.0.0.0:13800/ (Press CTRL+C to quit)
 * Restarting with stat
 * Serving Flask app "server" (lazy loading)
 * Environment: production
   WARNING: This is a development server. Do not use it in a production deployment.
   Use a production WSGI server instead.
 * Debug mode: on
 * Running on http://0.0.0.0:13800/ (Press CTRL+C to quit)
 * Restarting with stat
 * Debugger is active!
 * Debugger PIN: 514-907-850
 * Debugger is active!
 * Debugger PIN: 237-781-750
 * Debugger is active!
 * Debugger PIN: 161-059-874
10.10.0.5 - - [03/Dec/2019 08:49:27] "PUT /kv-store/view-change/a HTTP/1.1" 500 -
